#-----------------------------------------------------------
# Vivado v2018.3 (64-bit)
# SW Build 2405991 on Thu Dec  6 23:38:27 MST 2018
# IP Build 2404404 on Fri Dec  7 01:43:56 MST 2018
# Start of session at: Fri May  6 11:08:17 2022
# Process ID: 34444
# Current directory: C:/Users/kcart/Desktop/IIT Jodhpur/Traffic_light_controller
# Command line: vivado.exe -gui_launcher_event rodinguilauncherevent61988 C:\Users\kcart\Desktop\IIT Jodhpur\Traffic_light_controller\Traffic_light_controller.xpr
# Log file: C:/Users/kcart/Desktop/IIT Jodhpur/Traffic_light_controller/vivado.log
# Journal file: C:/Users/kcart/Desktop/IIT Jodhpur/Traffic_light_controller\vivado.jou
#-----------------------------------------------------------
start_gui
open_project {C:/Users/kcart/Desktop/IIT Jodhpur/Traffic_light_controller/Traffic_light_controller.xpr}
Scanning sources...
Finished scanning sources
INFO: [IP_Flow 19-234] Refreshing IP repositories
INFO: [IP_Flow 19-1704] No user IP repositories specified
INFO: [IP_Flow 19-2313] Loaded Vivado IP repository 'C:/Xilinx/Vivado/2018.3/data/ip'.
open_project: Time (s): cpu = 00:00:48 ; elapsed = 00:00:36 . Memory (MB): peak = 780.355 ; gain = 191.738
update_compile_order -fileset sources_1
exit
INFO: [Common 17-206] Exiting Vivado at Fri May  6 11:31:40 2022...
